Loebner Prize 2012 15 May  Bletchley Park UK
These transcripts are in the public domain
Transcripts of judge 1 program m_embar_chip_vivant round 1
Left =program 
J1 013370738370757055 judge right H
J1 013370738370916913 judge right i
J1 013370738380015091 judge right space
J1 013370738380907806 judge right H
J1 013370738380995833 judge right u
J1 013370738390259796 judge right g
J1 013370738390356691 judge right h
J1 013370738400542291 judge right space
J1 013370738400790336 judge right i
J1 013370738400902328 judge right s
J1 013370738410030305 judge right space
J1 013370738410119491 judge right t
J1 013370738410207411 judge right h
J1 013370738410223692 judge right i
J1 013370738410335596 judge right s
J1 013370738410439527 judge right space
J1 013370738410805891 judge right y
J1 013370738410965780 judge right o
J1 013370738410998175 judge right u
J1 013370738420473213 judge right question
J1 013370738440114691 judge right Return
J1 013370738740768691 judge left H
J1 013370738750985491 judge left e
J1 013370738760121456 judge left l
J1 013370738760249570 judge left l
J1 013370738760385447 judge left o
J1 013370738760531491 judge left space
J1 013370738760811608 judge left w
J1 013370738760923621 judge left h
J1 013370738770046291 judge left a
J1 013370738770190221 judge left space
J1 013370738770526326 judge left BackSpace
J1 013370738780356691 judge left y
J1 013370738780668555 judge left BackSpace
J1 013370738780780486 judge left t
J1 013370738790058691 judge left space
J1 013370738790178673 judge left i
J1 013370738790266796 judge left s
J1 013370738790346745 judge left space
J1 013370738790458862 judge left y
J1 013370738790651491 judge left o
J1 013370738790707850 judge left u
J1 013370738800051248 judge left space
J1 013370738800291091 judge left BackSpace
J1 013370738800371093 judge left r
J1 013370738800467612 judge left space
J1 013370738800595216 judge left n
J1 013370738800707367 judge left a
J1 013370738800852691 judge left m
J1 013370738800948487 judge left e
J1 013370738810197035 judge left question
J1 013370738810726291 judge left Return
J1 013370738920973891 m_embar_chip_vivant left H
J1 013370738930083441 m_embar_chip_vivant left e
J1 013370738930192599 m_embar_chip_vivant left l
J1 013370738930301963 m_embar_chip_vivant left l
J1 013370738930411052 m_embar_chip_vivant left o
J1 013370738930535491 m_embar_chip_vivant left space
J1 013370738930644720 m_embar_chip_vivant left a
J1 013370738930753870 m_embar_chip_vivant left n
J1 013370738930863161 m_embar_chip_vivant left d
J1 013370738930972267 m_embar_chip_vivant left space
J1 013370738940081491 m_embar_chip_vivant left w
J1 013370738940190613 m_embar_chip_vivant left e
J1 013370738940299819 m_embar_chip_vivant left l
J1 013370738940408939 m_embar_chip_vivant left c
J1 013370738940518213 m_embar_chip_vivant left o
J1 013370738940627491 m_embar_chip_vivant left m
J1 013370738940736853 m_embar_chip_vivant left e
J1 013370738940845885 m_embar_chip_vivant left exclam
J1 013370738940955117 m_embar_chip_vivant left Return
J1 013370740780520291 judge right W
J1 013370740780624457 judge right h
J1 013370740780744401 judge right a
J1 013370740780816330 judge right t
J1 013370740780920418 judge right space
J1 013370740790534291 judge right i
J1 013370740790774133 judge right f
J1 013370740790870189 judge right space
J1 013370740800049091 judge right I
J1 013370740800113207 judge right space
J1 013370740800353142 judge right t
J1 013370740800563891 judge right y
J1 013370740800755855 judge right p
J1 013370740800868084 judge right e
J1 013370740810035979 judge right space
J1 013370740810187891 judge right n
J1 013370740810235838 judge right o
J1 013370740810339777 judge right w
J1 013370740810483827 judge right comma
J1 013370740810556066 judge right space
J1 013370740820389091 judge right a
J1 013370740830028691 judge right r
J1 013370740830068248 judge right e
J1 013370740830252556 judge right space
J1 013370740830348302 judge right y
J1 013370740830453000 judge right o
J1 013370740830543491 judge right u
J1 013370740830663367 judge right space
J1 013370740840015539 judge right g
J1 013370740840120691 judge right e
J1 013370740840376819 judge right t
J1 013370740840512825 judge right t
J1 013370740840651091 judge right i
J1 013370740840691009 judge right n
J1 013370740840770939 judge right g
J1 013370740840907068 judge right space
J1 013370740840970957 judge right t
J1 013370740850043134 judge right h
J1 013370740850099089 judge right i
J1 013370740850165891 judge right s
J1 013370740850421787 judge right question
J1 013370740850654020 judge right Return
J1 013370740950539891 m_embar_chip_vivant right backslash
J1 013370740960490378 m_embar_chip_vivant right I
J1 013370740960912691 m_embar_chip_vivant right space
J1 013370740970192756 m_embar_chip_vivant right c
J1 013370740970384765 m_embar_chip_vivant right a
J1 013370740970489891 m_embar_chip_vivant right n
J1 013370740970721760 m_embar_chip_vivant right space
J1 013370740990252691 m_embar_chip_vivant right s
J1 013370740990452714 m_embar_chip_vivant right e
J1 013370740990556758 m_embar_chip_vivant right e
J1 013370740990692706 m_embar_chip_vivant right space
J1 013370740990907891 m_embar_chip_vivant right y
J1 013370741000059972 m_embar_chip_vivant right o
J1 013370741000131901 m_embar_chip_vivant right u
J1 013370741000284017 m_embar_chip_vivant right r
J1 013370741000516291 m_embar_chip_vivant right space
J1 013370741020788360 m_embar_chip_vivant right exclam
J1 013370741020972344 m_embar_chip_vivant right quotedbl
J1 013370741030714291 m_embar_chip_vivant right dollar
J1 013370741030890437 m_embar_chip_vivant right percent
J1 013370741040106368 m_embar_chip_vivant right asciicircum
J1 013370741040915491 m_embar_chip_vivant right space
J1 013370741050259590 m_embar_chip_vivant right r
J1 013370741050363496 m_embar_chip_vivant right e
J1 013370741050648691 m_embar_chip_vivant right s
J1 013370741060491091 m_embar_chip_vivant right p
J1 013370741060763053 m_embar_chip_vivant right o
J1 013370741060939208 m_embar_chip_vivant right n
J1 013370741070099491 m_embar_chip_vivant right s
J1 013370741070307433 m_embar_chip_vivant right e
J1 013370741070785891 m_embar_chip_vivant right s
J1 013370741080009891 m_embar_chip_vivant right period
J1 013370741080241909 m_embar_chip_vivant right space
J1 013370741080378691 m_embar_chip_vivant right space
J1 013370741090876291 m_embar_chip_vivant right C
J1 013370741100148202 m_embar_chip_vivant right A
J1 013370741100284302 m_embar_chip_vivant right N
J1 013370741100500291 m_embar_chip_vivant right space
J1 013370741100740213 m_embar_chip_vivant right Y
J1 013370741120294291 m_embar_chip_vivant right y
J1 013370741130308291 m_embar_chip_vivant right BackSpace
J1 013370741130636095 m_embar_chip_vivant right o
J1 013370741130963491 m_embar_chip_vivant right u
J1 013370741140403591 m_embar_chip_vivant right space
J1 013370741140571891 m_embar_chip_vivant right s
J1 013370741140788058 m_embar_chip_vivant right e
J1 013370741150180291 m_embar_chip_vivant right e
J1 013370741150420260 m_embar_chip_vivant right space
J1 013370741150652250 m_embar_chip_vivant right m
J1 013370741150851091 m_embar_chip_vivant right i
J1 013370741150987145 m_embar_chip_vivant right n
J1 013370741160115011 m_embar_chip_vivant right e
J1 013370741180060329 m_embar_chip_vivant right question
J1 013370741190751091 m_embar_chip_vivant right Return
J1 013370748380262008 judge left T
J1 013370748380989091 judge left h
J1 013370748390060990 judge left i
J1 013370748390188980 judge left s
J1 013370748390293154 judge left space
J1 013370748390461013 judge left i
J1 013370748390581891 judge left s
J1 013370748390734015 judge left space
J1 013370748400783091 judge left t
J1 013370748400918862 judge left e
J1 013370748400991009 judge left r
J1 013370748410070943 judge left m
J1 013370748410254918 judge left n
J1 013370748410594291 judge left BackSpace
J1 013370748410842186 judge left i
J1 013370748410914270 judge left n
J1 013370748420026151 judge left a
J1 013370748420109091 judge left l
J1 013370748420189184 judge left space
J1 013370748420509051 judge left 1
J1 013370748420623891 judge left space
J1 013370748420911852 judge left BackSpace
J1 013370748430087859 judge left comma
J1 013370748430169891 judge left space
J1 013370748430225640 judge left s
J1 013370748430856291 judge left o
J1 013370748430968700 judge left space
J1 013370748440240794 judge left s
J1 013370748440344915 judge left h
J1 013370748440589491 judge left o
J1 013370748440653711 judge left u
J1 013370748440830126 judge left l
J1 013370748440893989 judge left d
J1 013370748450030178 judge left space
J1 013370748450166691 judge left b
J1 013370748450278723 judge left e
J1 013370748450310164 judge left space
J1 013370748550807957 judge left J
J1 013370748560120485 judge left 3
J1 013370749050554291 m_embar_chip_vivant left I
J1 013370749050663491 m_embar_chip_vivant left space
J1 013370749050772740 m_embar_chip_vivant left d
J1 013370749050882027 m_embar_chip_vivant left i
J1 013370749050991108 m_embar_chip_vivant left d
J1 013370749060100280 m_embar_chip_vivant left n
J1 013370749060209491 m_embar_chip_vivant left quoteright
J1 013370749060318498 m_embar_chip_vivant left t
J1 013370749060427909 m_embar_chip_vivant left space
J1 013370749060537061 m_embar_chip_vivant left u
J1 013370749060646194 m_embar_chip_vivant left n
J1 013370749060755491 m_embar_chip_vivant left d
J1 013370749060864737 m_embar_chip_vivant left e
J1 013370749060974010 m_embar_chip_vivant left r
J1 013370749070083165 m_embar_chip_vivant left s
J1 013370749070192307 m_embar_chip_vivant left t
J1 013370749070301491 m_embar_chip_vivant left a
J1 013370749070410666 m_embar_chip_vivant left n
J1 013370749070519825 m_embar_chip_vivant left d
J1 013370749070629127 m_embar_chip_vivant left space
J1 013370749070738390 m_embar_chip_vivant left t
J1 013370749070847491 m_embar_chip_vivant left h
J1 013370749070956727 m_embar_chip_vivant left a
J1 013370749080065900 m_embar_chip_vivant left t
J1 013370749080175141 m_embar_chip_vivant left period
J1 013370749080284325 m_embar_chip_vivant left space
J1 013370749080393491 m_embar_chip_vivant left W
J1 013370749080502802 m_embar_chip_vivant left h
J1 013370749080612011 m_embar_chip_vivant left a
J1 013370749080721255 m_embar_chip_vivant left t
J1 013370749080830453 m_embar_chip_vivant left space
J1 013370749080939491 m_embar_chip_vivant left i
J1 013370749090048604 m_embar_chip_vivant left s
J1 013370749090157819 m_embar_chip_vivant left space
J1 013370749090267052 m_embar_chip_vivant left y
J1 013370749090376247 m_embar_chip_vivant left o
J1 013370749090485491 m_embar_chip_vivant left u
J1 013370749090594687 m_embar_chip_vivant left r
J1 013370749090704000 m_embar_chip_vivant left space
J1 013370749090812998 m_embar_chip_vivant left n
J1 013370749090922406 m_embar_chip_vivant left a
J1 013370749100031491 m_embar_chip_vivant left m
J1 013370749100140762 m_embar_chip_vivant left e
J1 013370749100249985 m_embar_chip_vivant left question
J1 013370749100359204 m_embar_chip_vivant left Return
J1 013370758710584291 judge right T
J1 013370758710776239 judge right h
J1 013370758710880245 judge right i
J1 013370758710952411 judge right s
J1 013370758720064346 judge right space
J1 013370758720130291 judge right i
J1 013370758720226300 judge right s
J1 013370758720322297 judge right space
J1 013370758730159891 judge right j
J1 013370758730264130 judge right u
J1 013370758730351982 judge right d
J1 013370758730495863 judge right h
J1 013370758730592063 judge right e
J1 013370758740532691 judge right 1
J1 013370758780271038 judge left H
J1 013370758780463077 judge left e
J1 013370758780559036 judge left l
J1 013370758780679057 judge left l
J1 013370758780838291 judge left o
J1 013370758790852291 judge left space
J1 013370758800367091 judge left t
J1 013370758800478965 judge left h
J1 013370758800542894 judge left i
J1 013370758800670910 judge left s
J1 013370758800774942 judge left space
J1 013370758800881891 judge left i
J1 013370758810033858 judge left s
J1 013370758810185793 judge left space
J1 013370758810459091 judge left j
J1 013370758810594877 judge left u
J1 013370758810739061 judge left d
J1 013370758810834891 judge left g
J1 013370758810923252 judge left e
J1 013370758820036291 judge left space
J1 013370758820124329 judge left 1
J1 013370758820268225 judge left space
J1 013370758820516219 judge left q
J1 013370758820524163 judge left w
J1 013370758820582291 judge left h
J1 013370758840719491 judge left A
J1 013370758840840062 judge left T
J1 013370758850127720 judge left space
J1 013370758850577491 judge left I
J1 013370758850657898 judge left S
J1 013370758850753430 judge left space
J1 013370758860232691 judge left Y
J1 013370758860376438 judge left O
J1 013370758860440204 judge left U
J1 013370758860576830 judge left R
J1 013370758860672516 judge left space
J1 013370758860809891 judge left N
J1 013370758860889492 judge left A
J1 013370758870018156 judge left M
J1 013370758870097786 judge left E
J1 013370758870881779 judge left question
J1 013370759200537091 m_embar_chip_vivant left H
J1 013370759200646291 m_embar_chip_vivant left e
J1 013370759200755809 m_embar_chip_vivant left l
J1 013370759200864790 m_embar_chip_vivant left l
J1 013370759200973966 m_embar_chip_vivant left o
J1 013370759210083206 m_embar_chip_vivant left space
J1 013370759210192291 m_embar_chip_vivant left t
J1 013370759210301525 m_embar_chip_vivant left h
J1 013370759210410721 m_embar_chip_vivant left e
J1 013370759210519914 m_embar_chip_vivant left r
J1 013370759210629223 m_embar_chip_vivant left e
J1 013370759210738291 m_embar_chip_vivant left exclam
J1 013370759210847497 m_embar_chip_vivant left space
J1 013370759210956659 m_embar_chip_vivant left H
J1 013370759220065872 m_embar_chip_vivant left o
J1 013370759220175020 m_embar_chip_vivant left w
J1 013370759220284291 m_embar_chip_vivant left space
J1 013370759220393459 m_embar_chip_vivant left a
J1 013370759220502689 m_embar_chip_vivant left r
J1 013370759220611859 m_embar_chip_vivant left e
J1 013370759220720940 m_embar_chip_vivant left space
J1 013370759220830291 m_embar_chip_vivant left y
J1 013370759220939502 m_embar_chip_vivant left o
J1 013370759230048655 m_embar_chip_vivant left u
J1 013370759230157780 m_embar_chip_vivant left space
J1 013370759230267016 m_embar_chip_vivant left f
J1 013370759230376291 m_embar_chip_vivant left e
J1 013370759230485592 m_embar_chip_vivant left e
J1 013370759230594729 m_embar_chip_vivant left l
J1 013370759230703892 m_embar_chip_vivant left i
J1 013370759230813317 m_embar_chip_vivant left n
J1 013370759230922291 m_embar_chip_vivant left g
J1 013370759240031437 m_embar_chip_vivant left space
J1 013370759240140695 m_embar_chip_vivant left t
J1 013370759240249857 m_embar_chip_vivant left o
J1 013370759240359103 m_embar_chip_vivant left d
J1 013370759240468291 m_embar_chip_vivant left a
J1 013370759240577543 m_embar_chip_vivant left y
J1 013370759240686824 m_embar_chip_vivant left question
J1 013370759240795966 m_embar_chip_vivant left Return
J1 013370787290816291 m_embar_chip_vivant right space
