Loebner Prize 2012 15 May  Bletchley Park UK
These transcripts are in the public domain
Transcripts of judge 2 program b-wilcox-angela round 1
Left =program 
J2 013370740040391417 judge right H
J2 013370740040559408 judge right e
J2 013370740040703456 judge right l
J2 013370740040834200 judge right l
J2 013370740050010358 judge right o
J2 013370740050106325 judge right space
J2 013370740050988600 judge right h
J2 013370740060052410 judge right u
J2 013370740060156528 judge right g
J2 013370740060831000 judge right h
J2 013370740060974993 judge right space
J2 013370740070086981 judge right minus
J2 013370740070198873 judge right space
J2 013370740070327057 judge right t
J2 013370740070501800 judge right h
J2 013370740070597945 judge right i
J2 013370740070701780 judge right s
J2 013370740070829741 judge right space
J2 013370740070965698 judge right s
J2 013370740080047800 judge right h
J2 013370740080175879 judge right o
J2 013370740080239731 judge right u
J2 013370740080367528 judge right l
J2 013370740080391792 judge right d
J2 013370740080495534 judge right space
J2 013370740080625000 judge right b
J2 013370740080673501 judge right e
J2 013370740080784698 judge right space
J2 013370740090748200 judge right h
J2 013370740090811897 judge right u
J2 013370740090980169 judge right m
J2 013370740100051685 judge right a
J2 013370740100187996 judge right n
J2 013370740100278600 judge right space
J2 013370740100694992 judge right S
J2 013370740100793400 judge right o
J2 013370740100824721 judge right u
J2 013370740110008929 judge right t
J2 013370740110105967 judge right h
J2 013370740140009300 judge left H
J2 013370740140209307 judge left e
J2 013370740140321405 judge left l
J2 013370740140443800 judge left l
J2 013370740140603690 judge left o
J2 013370740150769800 judge left space
J2 013370740150937819 judge left c
J2 013370740160033892 judge left h
J2 013370740160137713 judge left a
J2 013370740160217769 judge left t
J2 013370740160456200 judge left b
J2 013370740160679990 judge left o
J2 013370740160800152 judge left t
J2 013370740160912221 judge left comma
J2 013370740170002200 judge left space
J2 013370740170289895 judge left w
J2 013370740170425841 judge left h
J2 013370740170548200 judge left a
J2 013370740170604027 judge left t
J2 013370740170676271 judge left space
J2 013370740170868213 judge left i
J2 013370740170916002 judge left s
J2 013370740180063000 judge left space
J2 013370740180158765 judge left y
J2 013370740180502945 judge left o
J2 013370740180593400 judge left u
J2 013370740180809166 judge left r
J2 013370740180945270 judge left space
J2 013370740190065123 judge left n
J2 013370740190139400 judge left a
J2 013370740190275514 judge left m
J2 013370740190323594 judge left e
J2 013370740190685400 judge left question
J2 013370740190949211 judge left Return
J2 013370740250161000 b-wilcox-angela left H
J2 013370740250223362 b-wilcox-angela left i
J2 013370740250363754 b-wilcox-angela left period
J2 013370740250488526 b-wilcox-angela left Return
J2 013370740250613335 b-wilcox-angela left W
J2 013370740250691400 b-wilcox-angela left h
J2 013370740250738220 b-wilcox-angela left a
J2 013370740250785115 b-wilcox-angela left t
J2 013370740250878717 b-wilcox-angela left space
J2 013370740250925432 b-wilcox-angela left a
J2 013370740260003367 b-wilcox-angela left b
J2 013370740260050245 b-wilcox-angela left o
J2 013370740260112644 b-wilcox-angela left u
J2 013370740260237400 b-wilcox-angela left t
J2 013370740260331075 b-wilcox-angela left space
J2 013370740260377743 b-wilcox-angela left n
J2 013370740260471315 b-wilcox-angela left a
J2 013370740260518190 b-wilcox-angela left m
J2 013370740260596159 b-wilcox-angela left e
J2 013370740260642982 b-wilcox-angela left question
J2 013370740260689743 b-wilcox-angela left Return
J2 013370740470749800 b-wilcox-angela right I
J2 013370740480077931 b-wilcox-angela right n
J2 013370740480264600 b-wilcox-angela right d
J2 013370740480496553 b-wilcox-angela right e
J2 013370740480656343 b-wilcox-angela right e
J2 013370740480795000 b-wilcox-angela right d
J2 013370740500183400 b-wilcox-angela right comma
J2 013370740500279544 b-wilcox-angela right space
J2 013370740500503921 b-wilcox-angela right i
J2 013370740500631454 b-wilcox-angela right t
J2 013370740500729400 b-wilcox-angela right space
J2 013370740500897273 b-wilcox-angela right i
J2 013370740510017539 b-wilcox-angela right s
J2 013370740510337800 b-wilcox-angela right exclam
J2 013370740520461000 b-wilcox-angela right space
J2 013370740520677313 b-wilcox-angela right H
J2 013370740520892986 b-wilcox-angela right o
J2 013370740520957041 b-wilcox-angela right w
J2 013370740530163000 b-wilcox-angela right e
J2 013370740530314945 b-wilcox-angela right v
J2 013370740530491056 b-wilcox-angela right e
J2 013370740530563008 b-wilcox-angela right r
J2 013370740530755800 b-wilcox-angela right comma
J2 013370740530827866 b-wilcox-angela right space
J2 013370740560439000 b-wilcox-angela right BackSpace
J2 013370740560591042 b-wilcox-angela right BackSpace
J2 013370740560751090 b-wilcox-angela right BackSpace
J2 013370740560911089 b-wilcox-angela right BackSpace
J2 013370740570063000 b-wilcox-angela right BackSpace
J2 013370740570214172 b-wilcox-angela right BackSpace
J2 013370740570366172 b-wilcox-angela right BackSpace
J2 013370740570526457 b-wilcox-angela right BackSpace
J2 013370740570671400 b-wilcox-angela right BackSpace
J2 013370740570879639 b-wilcox-angela right N
J2 013370740580095336 b-wilcox-angela right o
J2 013370740580311000 b-wilcox-angela right comma
J2 013370740580439145 b-wilcox-angela right space
J2 013370740580646982 b-wilcox-angela right i
J2 013370740580798978 b-wilcox-angela right t
J2 013370740580935000 b-wilcox-angela right quoteright
J2 013370740590191094 b-wilcox-angela right s
J2 013370740590414906 b-wilcox-angela right space
J2 013370740590590200 b-wilcox-angela right w
J2 013370740590662419 b-wilcox-angela right o
J2 013370740590790323 b-wilcox-angela right r
J2 013370740590862347 b-wilcox-angela right k
J2 013370740600030282 b-wilcox-angela right i
J2 013370740600120600 b-wilcox-angela right n
J2 013370740600192997 b-wilcox-angela right g
J2 013370740600368472 b-wilcox-angela right space
J2 013370740600822600 b-wilcox-angela right f
J2 013370740600942583 b-wilcox-angela right i
J2 013370740610006650 b-wilcox-angela right n
J2 013370740610095084 b-wilcox-angela right e
J2 013370740610238570 b-wilcox-angela right period
J2 013370740630771000 b-wilcox-angela right Return
J2 013370740640421138 b-wilcox-angela right I
J2 013370740640620942 b-wilcox-angela right s
J2 013370740640733111 b-wilcox-angela right space
J2 013370740640863000 b-wilcox-angela right t
J2 013370740640958853 b-wilcox-angela right h
J2 013370740650007108 b-wilcox-angela right i
J2 013370740650094947 b-wilcox-angela right s
J2 013370740650230989 b-wilcox-angela right space
J2 013370740650424600 b-wilcox-angela right s
J2 013370740650536625 b-wilcox-angela right h
J2 013370740650696533 b-wilcox-angela right o
J2 013370740660313800 b-wilcox-angela right w
J2 013370740660537825 b-wilcox-angela right i
J2 013370740660625936 b-wilcox-angela right n
J2 013370740660753771 b-wilcox-angela right g
J2 013370740660809752 b-wilcox-angela right space
J2 013370740670015800 b-wilcox-angela right o
J2 013370740670071827 b-wilcox-angela right n
J2 013370740670191880 b-wilcox-angela right space
J2 013370740670311886 b-wilcox-angela right t
J2 013370740670447845 b-wilcox-angela right h
J2 013370740670503948 b-wilcox-angela right e
J2 013370740670671000 b-wilcox-angela right space
J2 013370740670974751 b-wilcox-angela right s
J2 013370740680170200 b-wilcox-angela right e
J2 013370740680242427 b-wilcox-angela right r
J2 013370740680458319 b-wilcox-angela right v
J2 013370740680626181 b-wilcox-angela right e
J2 013370740680700600 b-wilcox-angela right r
J2 013370740690084548 b-wilcox-angela right question
J2 013370740850470600 judge right O
J2 013370740850678290 judge right n
J2 013370740850830398 judge right l
J2 013370740850950344 judge right y
J2 013370740860094600 judge right space
J2 013370740860414696 judge right w
J2 013370740860609400 judge right h
J2 013370740860689759 judge right e
J2 013370740860793378 judge right n
J2 013370740860857639 judge right space
J2 013370740870009482 judge right I
J2 013370740870073519 judge right space
J2 013370740880481400 judge right r
J2 013370740880569357 judge right e
J2 013370740880713353 judge right f
J2 013370740890152200 judge right r
J2 013370740890232411 judge right e
J2 013370740890352150 judge right s
J2 013370740890440159 judge right h
J2 013370740890552106 judge right space
J2 013370740890916600 judge right minus
J2 013370740890996666 judge right space
J2 013370740900164768 judge right i
J2 013370740900308758 judge right s
J2 013370740900316640 judge right a
J2 013370740900380776 judge right space
J2 013370740900618600 judge right t
J2 013370740900826779 judge right BackSpace
J2 013370740900954775 judge right BackSpace
J2 013370740910074646 judge right BackSpace
J2 013370740910195800 judge right space
J2 013370740910348017 judge right t
J2 013370740910428089 judge right h
J2 013370740910547991 judge right e
J2 013370740910619909 judge right r
J2 013370740910741800 judge right e
J2 013370740920646600 judge right BackSpace
J2 013370740920798718 judge right BackSpace
J2 013370740920918480 judge right BackSpace
J2 013370740930030617 judge right BackSpace
J2 013370740930142499 judge right BackSpace
J2 013370740930317400 judge right i
J2 013370740930957000 judge right t
J2 013370740940092820 judge right space
J2 013370740940244729 judge right m
J2 013370740940308524 judge right e
J2 013370740940456200 judge right a
J2 013370740940511800 judge right n
J2 013370740940680343 judge right t
J2 013370740940784400 judge right space
J2 013370740950064600 judge right t
J2 013370740950176862 judge right o
J2 013370740950241019 judge right space
J2 013370740950392306 judge right a
J2 013370740950504408 judge right u
J2 013370740950673000 judge right t
J2 013370740960312600 judge right o
J2 013370740960352649 judge right m
J2 013370740960497445 judge right a
J2 013370740960616497 judge right t
J2 013370740960688967 judge right i
J2 013370740960874200 judge right c
J2 013370740960971867 judge right a
J2 013370740970226875 judge right l
J2 013370740970346475 judge right l
J2 013370740970513800 judge right y
J2 013370740970666075 judge right space
J2 013370740980044200 judge right r
J2 013370740980123705 judge right e
J2 013370740980276440 judge right f
J2 013370740980475407 judge right r
J2 013370740980532006 judge right e
J2 013370740980683800 judge right s
J2 013370740990276600 judge right h
J2 013370740990612395 judge right question
J2 013370740990716419 judge right Return
J2 013370741020807103 judge right A
J2 013370741020927091 judge right h
J2 013370741030161000 judge right comma
J2 013370741030200924 judge right space
J2 013370741030753800 judge right n
J2 013370741030833838 judge right o
J2 013370741030937718 judge right space
J2 013370741040073924 judge right i
J2 013370741040169859 judge right t
J2 013370741040299800 judge right quoteright
J2 013370741040419877 judge right s
J2 013370741040508032 judge right space
J2 013370741040596017 judge right w
J2 013370741040651818 judge right o
J2 013370741040747857 judge right r
J2 013370741040830200 judge right k
J2 013370741040942079 judge right i
J2 013370741050014144 judge right n
J2 013370741050110112 judge right g
J2 013370741050182003 judge right space
J2 013370741050222206 judge right o
J2 013370741050360600 judge right n
J2 013370741050648489 judge right BackSpace
J2 013370741050808673 judge right BackSpace
J2 013370741050969000 judge right O
J2 013370741060065417 judge right K
J2 013370741060200757 judge right space
J2 013370741060321160 judge right n
J2 013370741060409436 judge right o
J2 013370741060515000 judge right w
J2 013370741060691477 judge right period
J2 013370741060891457 judge right Return
J2 013370741070029800 judge right Return
J2 013370741170450600 judge right S
J2 013370741170658470 judge right e
J2 013370741170794628 judge right e
J2 013370741170906593 judge right m
J2 013370741180012200 judge right s
J2 013370741180116162 judge right space
J2 013370741180292255 judge right a
J2 013370741180388306 judge right space
J2 013370741180558200 judge right b
J2 013370741180574110 judge right n
J2 013370741180590100 judge right i
J2 013370741180973973 judge right BackSpace
J2 013370741190073000 judge right BackSpace
J2 013370741190328913 judge right i
J2 013370741190400823 judge right t
J2 013370741190521083 judge right space
J2 013370741190697000 judge right l
J2 013370741200025132 judge right s
J2 013370741200105276 judge right l
J2 013370741200445800 judge right BackSpace
J2 013370741200573662 judge right BackSpace
J2 013370741200693669 judge right BackSpace
J2 013370741200797650 judge right s
J2 013370741200853763 judge right l
J2 013370741200976200 judge right o
J2 013370741210008296 judge right w
J2 013370741210360124 judge right question
J2 013370741210506600 judge right Return
J2 013370757560417800 judge left T
J2 013370757560585790 judge left h
J2 013370757560657987 judge left i
J2 013370757560729857 judge left s
J2 013370757560825746 judge left space
J2 013370757560913956 judge left i
J2 013370757560979400 judge left s
J2 013370757570099577 judge left space
J2 013370757570868600 judge left j
J2 013370757580036603 judge left u
J2 013370757580116881 judge left d
J2 013370757580244631 judge left g
J2 013370757580292621 judge left e
J2 013370757580332596 judge left r
J2 013370757580414600 judge left space
J2 013370757580822525 judge left BackSpace
J2 013370757580929400 judge left BackSpace
J2 013370757590073708 judge left space
J2 013370757590177512 judge left 2
J2 013370757650284278 judge right C
J2 013370757650372381 judge right A
J2 013370757650548092 judge right n
J2 013370757650621800 judge right space
J2 013370757650982087 judge right y
J2 013370757660117978 judge right o
J2 013370757660183400 judge right u
J2 013370757660239397 judge right space
J2 013370757660375455 judge right h
J2 013370757660439505 judge right e
J2 013370757660575168 judge right a
J2 013370757660655402 judge right r
J2 013370757660745000 judge right space
J2 013370757660889169 judge right m
J2 013370757660992909 judge right e
J2 013370757670225177 judge right greater
J2 013370757670493800 judge right Return
J2 013370758190753800 judge left T
J2 013370758190857702 judge left h
J2 013370758190945827 judge left i
J2 013370758200017808 judge left s
J2 013370758200146054 judge left space
J2 013370758200315400 judge left i
J2 013370758200331472 judge left s
J2 013370758200515932 judge left space
J2 013370758210157800 judge left j
J2 013370758210269947 judge left u
J2 013370758210405716 judge left d
J2 013370758210525852 judge left g
J2 013370758210797400 judge left e
J2 013370758220045185 judge left 2
J2 013370758220468200 judge left Return
J2 013370758530044200 judge left T
J2 013370758530164634 judge left h
J2 013370758530228362 judge left i
J2 013370758530340283 judge left s
J2 013370758530468673 judge left space
J2 013370758530590200 judge left i
J2 013370758530622778 judge left s
J2 013370758530806900 judge left space
J2 013370758540354600 judge left p
J2 013370758540515300 judge left o
J2 013370758540603178 judge left s
J2 013370758540762972 judge left t
J2 013370758540850706 judge left space
J2 013370758550743000 judge left i
J2 013370758550799308 judge left n
J2 013370758550919218 judge left t
J2 013370758560038247 judge left e
J2 013370758560142656 judge left r
J2 013370758560183231 judge left n
J2 013370758560335800 judge left e
J2 013370758560535156 judge left t
J2 013370758560654756 judge left space
J2 013370758560913000 judge left p
J2 013370758570080368 judge left r
J2 013370758570152544 judge left o
J2 013370758570521400 judge left b
J2 013370758570658701 judge left l
J2 013370758570738062 judge left e
J2 013370758570857206 judge left m
J2 013370758570920505 judge left s
J2 013370766840742600 judge left BackSpace
J2 013370766840836200 judge left BackSpace
J2 013370766840955194 judge left BackSpace
J2 013370766850130267 judge left Return
J2 013370766850277444 judge left Return
J2 013370766870328105 judge left A
J2 013370766870471926 judge left n
J2 013370766870639958 judge left y
J2 013370766870722200 judge left space
J2 013370766870915078 judge left p
J2 013370766880090036 judge left r
J2 013370766880212603 judge left o
J2 013370766880330600 judge left b
J2 013370766880410406 judge left l
J2 013370766880539295 judge left e
J2 013370766880594742 judge left m
J2 013370766880735773 judge left s
J2 013370766880829800 judge left space
J2 013370766890175414 judge left w
J2 013370766890269083 judge left i
J2 013370766890360200 judge left t
J2 013370766890470352 judge left h
J2 013370766890542304 judge left space
J2 013370766900327400 judge left t
J2 013370766900370764 judge left y
J2 013370766900415684 judge left p
J2 013370766900616505 judge left i
J2 013370766900663755 judge left n
J2 013370766900745733 judge left g
J2 013370766910481800 judge left n
J2 013370766910695231 judge left space
J2 013370766910969319 judge left BackSpace
J2 013370766920105800 judge left BackSpace
J2 013370766920192495 judge left space
J2 013370766920339447 judge left t
J2 013370766920392109 judge left h
J2 013370766920440658 judge left i
J2 013370766920570228 judge left s
J2 013370766920745400 judge left slash
J2 013370766930168132 judge left BackSpace
J2 013370766930416200 judge left space
J2 013370766930578565 judge left o
J2 013370766930663657 judge left n
J2 013370766930711043 judge left space
J2 013370766930814204 judge left t
J2 013370766930885559 judge left h
J2 013370766930946600 judge left e
J2 013370766930998419 judge left space
J2 013370766940252540 judge left w
J2 013370766940305914 judge left e
J2 013370766940377857 judge left b
J2 013370766940804600 judge left c
J2 013370766940904991 judge left a
J2 013370766940935044 judge left s
J2 013370766950180327 judge left t
J2 013370766950533848 judge left question
J2 013370766950660012 judge left Return
J2 013370773510049800 b-wilcox-angela right space
J2 013370773560213400 b-wilcox-angela left E
J2 013370773560272903 b-wilcox-angela left v
J2 013370773560399904 b-wilcox-angela left e
J2 013370773560510039 b-wilcox-angela left r
J2 013370773560573464 b-wilcox-angela left y
J2 013370773560693750 b-wilcox-angela left o
J2 013370773560790600 b-wilcox-angela left n
J2 013370773560839584 b-wilcox-angela left e
J2 013370773560934404 b-wilcox-angela left space
J2 013370773560978137 b-wilcox-angela left l
J2 013370773570059059 b-wilcox-angela left i
J2 013370773570104152 b-wilcox-angela left k
J2 013370773570167321 b-wilcox-angela left e
J2 013370773570289800 b-wilcox-angela left s
J2 013370773570383883 b-wilcox-angela left space
J2 013370773570431833 b-wilcox-angela left t
J2 013370773570509646 b-wilcox-angela left o
J2 013370773570554249 b-wilcox-angela left space
J2 013370773570617224 b-wilcox-angela left s
J2 013370773570743037 b-wilcox-angela left e
J2 013370773570835800 b-wilcox-angela left e
J2 013370773570881773 b-wilcox-angela left space
J2 013370773570974286 b-wilcox-angela left t
J2 013370773580020932 b-wilcox-angela left h
J2 013370773580100740 b-wilcox-angela left e
J2 013370773580146673 b-wilcox-angela left space
J2 013370773580194426 b-wilcox-angela left b
J2 013370773580290176 b-wilcox-angela left a
J2 013370773580335000 b-wilcox-angela left d
J2 013370773580425078 b-wilcox-angela left space
J2 013370773580476097 b-wilcox-angela left g
J2 013370773580554041 b-wilcox-angela left u
J2 013370773580600890 b-wilcox-angela left y
J2 013370773580644804 b-wilcox-angela left s
J2 013370773580741147 b-wilcox-angela left space
J2 013370773580784462 b-wilcox-angela left g
J2 013370773580881000 b-wilcox-angela left e
J2 013370773580929252 b-wilcox-angela left t
J2 013370773590009455 b-wilcox-angela left space
J2 013370773590053230 b-wilcox-angela left c
J2 013370773590117086 b-wilcox-angela left a
J2 013370773590241037 b-wilcox-angela left u
J2 013370773590333777 b-wilcox-angela left g
J2 013370773590380904 b-wilcox-angela left h
J2 013370773590458200 b-wilcox-angela left t
J2 013370773590503296 b-wilcox-angela left period
J2 013370773590831662 b-wilcox-angela left space
J2 013370773590926598 b-wilcox-angela left I
J2 013370773590973000 b-wilcox-angela left t
J2 013370773600048261 b-wilcox-angela left quoteright
J2 013370773600095775 b-wilcox-angela left s
J2 013370773600144262 b-wilcox-angela left space
J2 013370773600237749 b-wilcox-angela left t
J2 013370773600281415 b-wilcox-angela left o
J2 013370773600376888 b-wilcox-angela left o
J2 013370773600426407 b-wilcox-angela left space
J2 013370773600503400 b-wilcox-angela left b
J2 013370773600551305 b-wilcox-angela left a
J2 013370773600595763 b-wilcox-angela left d
J2 013370773600690249 b-wilcox-angela left space
J2 013370773600738625 b-wilcox-angela left t
J2 013370773600831318 b-wilcox-angela left h
J2 013370773600879257 b-wilcox-angela left e
J2 013370773600954676 b-wilcox-angela left y
J2 013370773610001446 b-wilcox-angela left space
J2 013370773610065000 b-wilcox-angela left h
J2 013370773610188401 b-wilcox-angela left a
J2 013370773610281029 b-wilcox-angela left v
J2 013370773610329237 b-wilcox-angela left e
J2 013370773610410019 b-wilcox-angela left space
J2 013370773610454550 b-wilcox-angela left t
J2 013370773610518524 b-wilcox-angela left o
J2 013370773610642200 b-wilcox-angela left space
J2 013370773610735984 b-wilcox-angela left b
J2 013370773610784553 b-wilcox-angela left e
J2 013370773610877972 b-wilcox-angela left space
J2 013370773610926894 b-wilcox-angela left b
J2 013370773620004179 b-wilcox-angela left a
J2 013370773620047776 b-wilcox-angela left d
J2 013370773620095345 b-wilcox-angela left space
J2 013370773620188200 b-wilcox-angela left i
J2 013370773620236767 b-wilcox-angela left n
J2 013370773620330273 b-wilcox-angela left space
J2 013370773620375994 b-wilcox-angela left t
J2 013370773620454279 b-wilcox-angela left h
J2 013370773620501305 b-wilcox-angela left e
J2 013370773620544280 b-wilcox-angela left space
J2 013370773620637817 b-wilcox-angela left f
J2 013370773620686517 b-wilcox-angela left i
J2 013370773620781000 b-wilcox-angela left r
J2 013370773620828364 b-wilcox-angela left s
J2 013370773620903082 b-wilcox-angela left t
J2 013370773620953272 b-wilcox-angela left space
J2 013370773630013580 b-wilcox-angela left p
J2 013370773630137694 b-wilcox-angela left l
J2 013370773630232716 b-wilcox-angela left a
J2 013370773630280475 b-wilcox-angela left c
J2 013370773630358200 b-wilcox-angela left e
J2 013370773630401282 b-wilcox-angela left period
J2 013370773630466134 b-wilcox-angela left Return
J2 013370773630681255 b-wilcox-angela left W
J2 013370773630726468 b-wilcox-angela left h
J2 013370773630820247 b-wilcox-angela left o
J2 013370773630873000 b-wilcox-angela left space
J2 013370773630949451 b-wilcox-angela left a
J2 013370773630995956 b-wilcox-angela left m
J2 013370773640044618 b-wilcox-angela left space
J2 013370773640137981 b-wilcox-angela left I
J2 013370773640184848 b-wilcox-angela left space
J2 013370773640276975 b-wilcox-angela left t
J2 013370773640324865 b-wilcox-angela left o
J2 013370773640403400 b-wilcox-angela left space
J2 013370773640451578 b-wilcox-angela left d
J2 013370773640498287 b-wilcox-angela left i
J2 013370773640592153 b-wilcox-angela left s
J2 013370773640638839 b-wilcox-angela left a
J2 013370773640732531 b-wilcox-angela left g
J2 013370773640779030 b-wilcox-angela left r
J2 013370773640857890 b-wilcox-angela left e
J2 013370773640903150 b-wilcox-angela left e
J2 013370773640965000 b-wilcox-angela left space
J2 013370773650089007 b-wilcox-angela left w
J2 013370773650182655 b-wilcox-angela left i
J2 013370773650229746 b-wilcox-angela left t
J2 013370773650307741 b-wilcox-angela left h
J2 013370773650355399 b-wilcox-angela left space
J2 013370773650416519 b-wilcox-angela left y
J2 013370773650542200 b-wilcox-angela left o
J2 013370773650634649 b-wilcox-angela left u
J2 013370773650680923 b-wilcox-angela left r
J2 013370773650774579 b-wilcox-angela left space
J2 013370773650822401 b-wilcox-angela left s
J2 013370773650899899 b-wilcox-angela left t
J2 013370773650947768 b-wilcox-angela left a
J2 013370773650994230 b-wilcox-angela left t
J2 013370773660088200 b-wilcox-angela left e
J2 013370773660133611 b-wilcox-angela left m
J2 013370773660228159 b-wilcox-angela left e
J2 013370773660275385 b-wilcox-angela left n
J2 013370773660351634 b-wilcox-angela left t
J2 013370773660399153 b-wilcox-angela left space
J2 013370773660446197 b-wilcox-angela left o
J2 013370773660540572 b-wilcox-angela left f
J2 013370773660587382 b-wilcox-angela left space
J2 013370773660681000 b-wilcox-angela left f
J2 013370773660727820 b-wilcox-angela left a
J2 013370773660807596 b-wilcox-angela left c
J2 013370773660854508 b-wilcox-angela left t
J2 013370773660917588 b-wilcox-angela left question
J2 013370773670040452 b-wilcox-angela left Return
J2 013370773670136069 b-wilcox-angela left D
J2 013370773670180248 b-wilcox-angela left o
J2 013370773670258200 b-wilcox-angela left space
J2 013370773670304659 b-wilcox-angela left y
J2 013370773670367739 b-wilcox-angela left o
J2 013370773670492433 b-wilcox-angela left u
J2 013370773670586361 b-wilcox-angela left space
J2 013370773670633347 b-wilcox-angela left w
J2 013370773670726030 b-wilcox-angela left a
J2 013370773670773000 b-wilcox-angela left t
J2 013370773670850158 b-wilcox-angela left c
J2 013370773670897703 b-wilcox-angela left h
J2 013370773670943909 b-wilcox-angela left space
J2 013370773680037950 b-wilcox-angela left a
J2 013370773680085143 b-wilcox-angela left space
J2 013370773680179072 b-wilcox-angela left l
J2 013370773680225255 b-wilcox-angela left o
J2 013370773680303400 b-wilcox-angela left t
J2 013370773680350549 b-wilcox-angela left space
J2 013370773680397987 b-wilcox-angela left o
J2 013370773680490305 b-wilcox-angela left f
J2 013370773680538053 b-wilcox-angela left space
J2 013370773680631523 b-wilcox-angela left T
J2 013370773680678335 b-wilcox-angela left V
J2 013370773680757036 b-wilcox-angela left question
J2 013370773680802600 b-wilcox-angela left Return
J2 013370773680938205 b-wilcox-angela left A
J2 013370773680984939 b-wilcox-angela left n
J2 013370773690078728 b-wilcox-angela left y
J2 013370773690125404 b-wilcox-angela left question
J2 013370773690203385 b-wilcox-angela left Return
J2 013370785570600600 b-wilcox-angela right space
