Loebner Prize 2012 15 May  Bletchley Park UK
These transcripts are in the public domain
Transcripts of judge 4 program m_allan_linguo round 2
Left =human 
J4 013370861950214673 judge left A
J4 013370861950278735 judge left s
J4 013370861950398581 judge left k
J4 013370861950526647 judge left space
J4 013370861950702000 judge left m
J4 013370861950725939 judge left e
J4 013370861950934024 judge left space
J4 013370861950958087 judge left a
J4 013370861960102016 judge left space
J4 013370861960466400 judge left q
J4 013370861960674470 judge left u
J4 013370861960754373 judge left e
J4 013370861960842322 judge left s
J4 013370861960946410 judge left t
J4 013370861960996800 judge left i
J4 013370861970028766 judge left o
J4 013370861970100842 judge left n
J4 013370861990466689 judge right A
J4 013370861990562726 judge right s
J4 013370861990758000 judge right k
J4 013370861990990075 judge right space
J4 013370862000382000 judge right m
J4 013370862000501687 judge right e
J4 013370862000621651 judge right space
J4 013370862000773714 judge right a
J4 013370862000845838 judge right space
J4 013370862010614400 judge right q
J4 013370862010790301 judge right u
J4 013370862010870202 judge right e
J4 013370862010966143 judge right s
J4 013370862020070126 judge right t
J4 013370862020113600 judge right i
J4 013370862020161703 judge right o
J4 013370862020233619 judge right n
J4 013370862160512400 m_allan_linguo right W
J4 013370862160729395 m_allan_linguo right h
J4 013370862160885432 m_allan_linguo right a
J4 013370862170058400 m_allan_linguo right t
J4 013370862170089664 m_allan_linguo right space
J4 013370862170307962 m_allan_linguo right i
J4 013370862170354821 m_allan_linguo right s
J4 013370862170573200 m_allan_linguo right space
J4 013370862170604482 m_allan_linguo right y
J4 013370862170666827 m_allan_linguo right o
J4 013370862170885148 m_allan_linguo right u
J4 013370862170994396 m_allan_linguo right r
J4 013370862180056968 m_allan_linguo right space
J4 013370862180119200 m_allan_linguo right n
J4 013370862180290677 m_allan_linguo right a
J4 013370862180322044 m_allan_linguo right m
J4 013370862180384316 m_allan_linguo right e
J4 013370862180446788 m_allan_linguo right question
J4 013370862200816464 judge right T
J4 013370862210024431 judge right o
J4 013370862210130000 judge right m
J4 013370862220190800 judge right BackSpace
J4 013370862220382655 judge right BackSpace
J4 013370862220526790 judge right BackSpace
J4 013370862220768000 judge right Return
J4 013370862230407600 judge right t
J4 013370862240109600 judge right BackSpace
J4 013370862240405644 judge right T
J4 013370862240640000 judge right o
J4 013370862240648046 judge right i
J4 013370862240711932 judge right m
J4 013370862250016013 judge right BackSpace
J4 013370862250342000 judge right m
J4 013370862250685200 judge right BackSpace
J4 013370862250837375 judge right BackSpace
J4 013370862260085219 judge right n
J4 013370862260496400 judge right BackSpace
J4 013370862260704368 judge right m
J4 013370862280817970 judge right O
J4 013370862290257600 judge right o
J4 013370862290513273 judge right h
J4 013370862290705417 judge right space
J4 013370862300726282 judge right B
J4 013370862300958387 judge right y
J4 013370862310118157 judge right e
J4 013370862310126132 judge right w
J4 013370862310488210 judge right exclam
J4 013370862330781600 judge right Return
J4 013370862360542800 m_allan_linguo right W
J4 013370862360714178 m_allan_linguo right h
J4 013370862360807812 m_allan_linguo right e
J4 013370862360979381 m_allan_linguo right r
J4 013370862370104400 m_allan_linguo right e
J4 013370862370119939 m_allan_linguo right space
J4 013370862370182334 m_allan_linguo right a
J4 013370862370244758 m_allan_linguo right r
J4 013370862370307060 m_allan_linguo right e
J4 013370862370431935 m_allan_linguo right space
J4 013370862370603488 m_allan_linguo right y
J4 013370862370681600 m_allan_linguo right o
J4 013370862370743953 m_allan_linguo right u
J4 013370862370915374 m_allan_linguo right space
J4 013370862370946709 m_allan_linguo right f
J4 013370862380165010 m_allan_linguo right r
J4 013370862380258800 m_allan_linguo right o
J4 013370862380430499 m_allan_linguo right m
J4 013370862380524091 m_allan_linguo right question
J4 013370862530890000 m_allan_linguo right D
J4 013370862530983495 m_allan_linguo right o
J4 013370862540108213 m_allan_linguo right space
J4 013370862540326661 m_allan_linguo right y
J4 013370862540514000 m_allan_linguo right o
J4 013370862540545341 m_allan_linguo right u
J4 013370862540716831 m_allan_linguo right space
J4 013370862540841632 m_allan_linguo right l
J4 013370862540982026 m_allan_linguo right i
J4 013370862550060000 m_allan_linguo right k
J4 013370862550231610 m_allan_linguo right e
J4 013370862550247396 m_allan_linguo right space
J4 013370862550371990 m_allan_linguo right w
J4 013370862550449942 m_allan_linguo right i
J4 013370862550668400 m_allan_linguo right n
J4 013370862550855772 m_allan_linguo right t
J4 013370862550902522 m_allan_linguo right e
J4 013370862550965003 m_allan_linguo right r
J4 013370862560027301 m_allan_linguo right question
