Loebner Prize 2012 15 May  Bletchley Park UK
These transcripts are in the public domain
Transcripts of judge 1 program b-wilcox-angela round 2
Left =program 
J1 013370864100423017 judge left H
J1 013370864100670958 judge left i
J1 013370864110979000 judge left comma
J1 013370864120091159 judge left space
J1 013370864130117800 judge left h
J1 013370864130229698 judge left o
J1 013370864130632600 judge left w
J1 013370864130736656 judge left space
J1 013370864130872596 judge left a
J1 013370864140178600 judge left r
J1 013370864140266601 judge left e
J1 013370864140434520 judge left space
J1 013370864140666545 judge left y
J1 013370864140818200 judge left o
J1 013370864140945511 judge left u
J1 013370864150701840 judge left question
J1 013370864160705800 judge left Return
J1 013370864180847269 judge right H
J1 013370864190111354 judge right i
J1 013370864190357800 judge right space
J1 013370864190829575 judge right h
J1 013370864200028600 judge right o
J1 013370864200730600 judge right w
J1 013370864200882583 judge right space
J1 013370864210066557 judge right a
J1 013370864210339000 judge right r
J1 013370864210443056 judge right e
J1 013370864210699040 judge right space
J1 013370864210762767 b-wilcox-angela left H
J1 013370864210885000 b-wilcox-angela left e
J1 013370864210947237 b-wilcox-angela left l
J1 013370864210960209 judge right y
J1 013370864220072131 b-wilcox-angela left l
J1 013370864220080185 judge right o
J1 013370864220165690 b-wilcox-angela left o
J1 013370864220212399 b-wilcox-angela left period
J1 013370864220224258 judge right u
J1 013370864220306640 b-wilcox-angela left Return
J1 013370864220368586 b-wilcox-angela left O
J1 013370864220462200 b-wilcox-angela left h
J1 013370864220509098 b-wilcox-angela left comma
J1 013370864220602595 b-wilcox-angela left space
J1 013370864220649476 b-wilcox-angela left w
J1 013370864220727760 b-wilcox-angela left e
J1 013370864220774229 b-wilcox-angela left l
J1 013370864220821089 b-wilcox-angela left l
J1 013370864220872272 judge right question
J1 013370864220914605 b-wilcox-angela left period
J1 013370864230226600 judge right Return
J1 013370864230236506 b-wilcox-angela left space
J1 013370864230299235 b-wilcox-angela left B
J1 013370864230423843 b-wilcox-angela left e
J1 013370864230533028 b-wilcox-angela left i
J1 013370864230595380 b-wilcox-angela left n
J1 013370864230720143 b-wilcox-angela left g
J1 013370864230835000 b-wilcox-angela left space
J1 013370864230897169 b-wilcox-angela left m
J1 013370864240022064 b-wilcox-angela left i
J1 013370864240115891 b-wilcox-angela left s
J1 013370864240162377 b-wilcox-angela left u
J1 013370864240256040 b-wilcox-angela left n
J1 013370864240302818 b-wilcox-angela left d
J1 013370864240381000 b-wilcox-angela left e
J1 013370864240428046 b-wilcox-angela left r
J1 013370864240490163 b-wilcox-angela left s
J1 013370864240599371 b-wilcox-angela left t
J1 013370864240677336 b-wilcox-angela left o
J1 013370864240724172 b-wilcox-angela left o
J1 013370864240770957 b-wilcox-angela left d
J1 013370864240864545 b-wilcox-angela left space
J1 013370864240911400 b-wilcox-angela left i
J1 013370864250004939 b-wilcox-angela left s
J1 013370864250051869 b-wilcox-angela left space
J1 013370864250129745 b-wilcox-angela left c
J1 013370864250176713 b-wilcox-angela left o
J1 013370864250223365 b-wilcox-angela left m
J1 013370864250332752 b-wilcox-angela left m
J1 013370864250395103 b-wilcox-angela left o
J1 013370864250519800 b-wilcox-angela left n
J1 013370864250613144 b-wilcox-angela left space
J1 013370864250660008 b-wilcox-angela left e
J1 013370864250753589 b-wilcox-angela left n
J1 013370864250800354 b-wilcox-angela left o
J1 013370864250878195 b-wilcox-angela left u
J1 013370864250925090 b-wilcox-angela left g
J1 013370864250971902 b-wilcox-angela left h
J1 013370864260065800 b-wilcox-angela left period
J1 013370864260112769 b-wilcox-angela left Return
J1 013370864330226022 judge left M
J1 013370864330642080 judge left i
J1 013370864340006200 judge left s
J1 013370864340770600 judge left u
J1 013370864350098584 judge left n
J1 013370864350332200 judge left d
J1 013370864350500229 judge left e
J1 013370864350644193 judge left r
J1 013370864350909400 judge left s
J1 013370864360471000 judge left t
J1 013370864360742940 judge left o
J1 013370864360878992 judge left o
J1 013370864370126200 judge left d
J1 013370864370641000 judge left question
J1 013370864390045000 judge left Return
J1 013370864420617400 b-wilcox-angela left C
J1 013370864420711000 b-wilcox-angela left o
J1 013370864420757861 b-wilcox-angela left o
J1 013370864420835864 b-wilcox-angela left l
J1 013370864420882581 b-wilcox-angela left period
J1 013370864430210155 b-wilcox-angela left space
J1 013370864430303800 b-wilcox-angela left D
J1 013370864430350509 b-wilcox-angela left o
J1 013370864430429053 b-wilcox-angela left space
J1 013370864430475640 b-wilcox-angela left y
J1 013370864430522211 b-wilcox-angela left o
J1 013370864430615930 b-wilcox-angela left u
J1 013370864430662560 b-wilcox-angela left space
J1 013370864430756178 b-wilcox-angela left h
J1 013370864430803085 b-wilcox-angela left a
J1 013370864430881000 b-wilcox-angela left v
J1 013370864430927839 b-wilcox-angela left e
J1 013370864430990242 b-wilcox-angela left space
J1 013370864440114993 b-wilcox-angela left a
J1 013370864440208617 b-wilcox-angela left n
J1 013370864440255421 b-wilcox-angela left y
J1 013370864440333421 b-wilcox-angela left space
J1 013370864440380294 b-wilcox-angela left p
J1 013370864440442600 b-wilcox-angela left e
J1 013370864440567378 b-wilcox-angela left t
J1 013370864440661020 b-wilcox-angela left s
J1 013370864440707884 b-wilcox-angela left question
J1 013370864440785920 b-wilcox-angela left Return
J1 013370864440848256 b-wilcox-angela left W
J1 013370864440926282 b-wilcox-angela left h
J1 013370864440973000 b-wilcox-angela left o
J1 013370864450019703 b-wilcox-angela left space
J1 013370864450113308 b-wilcox-angela left i
J1 013370864450160115 b-wilcox-angela left s
J1 013370864450253694 b-wilcox-angela left space
J1 013370864450300682 b-wilcox-angela left T
J1 013370864450378585 b-wilcox-angela left o
J1 013370864450425317 b-wilcox-angela left d
J1 013370864450472152 b-wilcox-angela left question
J1 013370864450565800 b-wilcox-angela left Return
