Loebner Prize 2012 15 May  Bletchley Park UK
These transcripts are in the public domain
Transcripts of judge 3 program d_burke_adam round 2
Left =program 
J3 013370862080809513 judge left H
J3 013370862090049659 judge left e
J3 013370862090137556 judge left l
J3 013370862090299288 judge left l
J3 013370862090515292 judge left o
J3 013370862110280488 judge left Return
J3 013370862140336101 judge right I
J3 013370862140496201 judge right s
J3 013370862140618888 judge right space
J3 013370862140746863 judge right t
J3 013370862140810903 judge right h
J3 013370862140922784 judge right e
J3 013370862150026837 judge right r
J3 013370862150115022 judge right e
J3 013370862150258488 judge right space
J3 013370862150458658 judge right a
J3 013370862150546580 judge right n
J3 013370862150746621 judge right y
J3 013370862160007288 judge right b
J3 013370862160119346 judge right o
J3 013370862160359356 judge right d
J3 013370862160431392 judge right y
J3 013370862160600088 judge right space
J3 013370862160760097 judge right t
J3 013370862160815949 judge right h
J3 013370862160927998 judge right e
J3 013370862170000111 judge right r
J3 013370862170099288 judge right e
J3 013370862170475361 judge right question
J3 013370862170707688 judge right Return
J3 013370862190501688 d_burke_adam left H
J3 013370862190564079 d_burke_adam left i
J3 013370862200047688 d_burke_adam left period
J3 013370862200515750 d_burke_adam left Return
J3 013370862280886096 judge left A
J3 013370862290117981 judge left r
J3 013370862290166011 judge left e
J3 013370862290285941 judge left space
J3 013370862290516888 judge left y
J3 013370862290684927 judge left o
J3 013370862290756840 judge left u
J3 013370862290932793 judge left space
J3 013370862300047288 judge left a
J3 013370862300191102 judge left space
J3 013370862300399197 judge left h
J3 013370862300562088 judge left u
J3 013370862300762119 judge left m
J3 013370862300962132 judge left a
J3 013370862310018131 judge left n
J3 013370862310217288 judge left space
J3 013370862310377210 judge left o
J3 013370862310473354 judge left r
J3 013370862310569423 judge left space
J3 013370862310716488 judge left a
J3 013370862310812514 judge left space
J3 013370862320004371 judge left c
J3 013370862320060502 judge left o
J3 013370862320172511 judge left m
J3 013370862320340488 judge left p
J3 013370862320524408 judge left u
J3 013370862320612527 judge left t
J3 013370862320796512 judge left e
J3 013370862320836509 judge left r
J3 013370862330450559 judge left question
J3 013370862330690416 judge left space
J3 013370862330972548 judge left W
J3 013370862340180386 judge left e
J3 013370862340316691 judge left space
J3 013370862340540088 judge left m
J3 013370862350028105 judge left a
J3 013370862350101688 judge left y
J3 013370862350309742 judge left space
J3 013370862350485715 judge left a
J3 013370862350741288 judge left s
J3 013370862350869481 judge left space
J3 013370862360053190 judge left w
J3 013370862360256088 judge left e
J3 013370862360366895 judge left l
J3 013370862360518973 judge left l
J3 013370862360711481 judge left space
J3 013370862360926888 judge left g
J3 013370862370087111 judge left e
J3 013370862370199201 judge left t
J3 013370862370359056 judge left space
J3 013370862370457288 judge left t
J3 013370862370569027 judge left h
J3 013370862370761055 judge left i
J3 013370862370865502 judge left s
J3 013370862370987688 judge left space
J3 013370862380163676 judge left o
J3 013370862380227672 judge left u
J3 013370862380315615 judge left t
J3 013370862380954888 d_burke_adam left T
J3 013370862390266888 d_burke_adam left Return
J3 013370862520948088 d_burke_adam left T
J3 013370862530337898 d_burke_adam left h
J3 013370862530603288 d_burke_adam left a
J3 013370862540102563 d_burke_adam left t
J3 013370862540632888 d_burke_adam left space
J3 013370862540976163 d_burke_adam left i
J3 013370862550288088 d_burke_adam left s
J3 013370862550537661 d_burke_adam left space
J3 013370862550880888 d_burke_adam left n
J3 013370862560255403 d_burke_adam left i
J3 013370862560629688 d_burke_adam left c
J3 013370862560988438 d_burke_adam left e
J3 013370862570191288 d_burke_adam left space
J3 013370862570284891 d_burke_adam left f
J3 013370862570815288 d_burke_adam left o
J3 013370862580298894 d_burke_adam left r
J3 013370862580657688 d_burke_adam left space
J3 013370862580922777 d_burke_adam left y
J3 013370862590063293 d_burke_adam left o
J3 013370862590500088 d_burke_adam left u
J3 013370862590656083 d_burke_adam left period
J3 013370862600124088 d_burke_adam left Return
J3 013370862770596088 d_burke_adam left D
J3 013370862770908088 d_burke_adam left u
J3 013370862790280888 d_burke_adam left BackSpace
J3 013370862790343171 d_burke_adam left i
J3 013370862790842488 d_burke_adam left d
J3 013370862800232396 d_burke_adam left space
J3 013370862800326060 d_burke_adam left y
J3 013370862800482088 d_burke_adam left o
J3 013370862810012488 d_burke_adam left u
J3 013370862810152951 d_burke_adam left space
J3 013370862810620888 d_burke_adam left k
J3 013370862810995406 d_burke_adam left n
J3 013370862820151288 d_burke_adam left o
J3 013370862820525787 d_burke_adam left w
J3 013370862820900088 d_burke_adam left space
J3 013370862830196512 d_burke_adam left P
J3 013370862830508488 d_burke_adam left o
J3 013370862830929675 d_burke_adam left l
J3 013370862840382088 d_burke_adam left i
J3 013370862840772025 d_burke_adam left t
J3 013370862850333688 d_burke_adam left i
J3 013370862850801745 d_burke_adam left c
J3 013370862850973288 d_burke_adam left i
J3 013370862860176087 d_burke_adam left a
J3 013370862860566088 d_burke_adam left n
J3 013370862870112088 d_burke_adam left s
J3 013370862870424100 d_burke_adam left  
J3 013370862890654888 d_burke_adam left BackSpace
J3 013370862890717346 d_burke_adam left space
J3 013370862890842158 d_burke_adam left a
J3 013370862900294488 d_burke_adam left n
J3 013370862900856088 d_burke_adam left d
J3 013370862910245968 d_burke_adam left space
J3 013370862910480088 d_burke_adam left d
J3 013370862910698466 d_burke_adam left i
J3 013370862910932426 d_burke_adam left a
J3 013370862920041688 d_burke_adam left p
J3 013370862920540936 d_burke_adam left e
J3 013370862930024488 d_burke_adam left r
J3 013370862930274169 d_burke_adam left s
J3 013370862930757688 d_burke_adam left space
J3 013370862930866824 d_burke_adam left h
J3 013370862940288088 d_burke_adam left a
J3 013370862940802888 d_burke_adam left v
J3 013370862950099299 d_burke_adam left e
J3 013370862950411288 d_burke_adam left space
J3 013370862950879258 d_burke_adam left o
J3 013370862960378488 d_burke_adam left n
J3 013370862960690462 d_burke_adam left e
J3 013370862960768407 d_burke_adam left space
J3 013370862970033688 d_burke_adam left t
J3 013370862970501675 d_burke_adam left h
J3 013370862970720088 d_burke_adam left i
J3 013370862980250488 d_burke_adam left n
J3 013370862980671674 d_burke_adam left g
J3 013370862990155288 d_burke_adam left space
J3 013370862990436084 d_burke_adam left i
J3 013370862990826088 d_burke_adam left n
J3 013370863000122387 d_burke_adam left space
J3 013370863000543688 d_burke_adam left c
J3 013370863000731008 d_burke_adam left o
J3 013370863000949331 d_burke_adam left m
J3 013370863010464088 d_burke_adam left m
J3 013370863010760524 d_burke_adam left o
J3 013370863020134888 d_burke_adam left n
J3 013370863020290848 d_burke_adam left period
J3 013370863020415667 d_burke_adam left space
J3 013370863020524875 d_burke_adam left T
J3 013370863020790088 d_burke_adam left h
J3 013370863030320488 d_burke_adam left e
J3 013370863030726087 d_burke_adam left y
J3 013370863040209688 d_burke_adam left space
J3 013370863040631228 d_burke_adam left s
J3 013370863050005288 d_burke_adam left h
J3 013370863050301797 d_burke_adam left o
J3 013370863050598088 d_burke_adam left u
J3 013370863060128488 d_burke_adam left l
J3 013370863060502918 d_burke_adam left d
J3 013370863070048888 d_burke_adam left space
J3 013370863070220426 d_burke_adam left b
J3 013370863070688488 d_burke_adam left o
J3 013370863070828861 d_burke_adam left t
J3 013370863080359288 d_burke_adam left h
J3 013370863080733688 d_burke_adam left space
J3 013370863090217287 d_burke_adam left b
J3 013370863090716488 d_burke_adam left e
J3 013370863090825742 d_burke_adam left space
J3 013370863090966148 d_burke_adam left c
J3 013370863100122095 d_burke_adam left h
J3 013370863100246888 d_burke_adam left a
J3 013370863100465171 d_burke_adam left n
J3 013370863100886488 d_burke_adam left g
J3 013370863110229701 d_burke_adam left e
J3 013370863110791288 d_burke_adam left d
J3 013370863110994037 d_burke_adam left space
J3 013370863120446488 d_burke_adam left r
J3 013370863120945701 d_burke_adam left e
J3 013370863130164088 d_burke_adam left g
J3 013370863130288820 d_burke_adam left u
J3 013370863130616429 d_burke_adam left l
J3 013370863140022088 d_burke_adam left a
J3 013370863140240399 d_burke_adam left r
J3 013370863140583688 d_burke_adam left l
J3 013370863150051730 d_burke_adam left y
J3 013370863150332488 d_burke_adam left comma
J3 013370863150472967 d_burke_adam left space
J3 013370863150769334 d_burke_adam left a
J3 013370863160174888 d_burke_adam left n
J3 013370863160580576 d_burke_adam left d
J3 013370863160830088 d_burke_adam left space
J3 013370863170064149 d_burke_adam left f
J3 013370863170610088 d_burke_adam left o
J3 013370863180015657 d_burke_adam left r
J3 013370863180530488 d_burke_adam left space
J3 013370863180936189 d_burke_adam left t
J3 013370863190341688 d_burke_adam left h
J3 013370863190669001 d_burke_adam left e
J3 013370863190825057 d_burke_adam left space
J3 013370863190950088 d_burke_adam left s
J3 013370863200511688 d_burke_adam left a
J3 013370863200683328 d_burke_adam left m
J3 013370863210151288 d_burke_adam left e
J3 013370863210275981 d_burke_adam left space
J3 013370863210478802 d_burke_adam left r
J3 013370863210759688 d_burke_adam left e
J3 013370863210946910 d_burke_adam left a
J3 013370863220056065 d_burke_adam left s
J3 013370863220555288 d_burke_adam left o
J3 013370863220758077 d_burke_adam left n
J3 013370863220945296 d_burke_adam left period
J3 013370863230257288 d_burke_adam left Return
J3 013370863460735288 d_burke_adam left W
J3 013370863470281288 d_burke_adam left a
J3 013370863470546400 d_burke_adam left k
J3 013370863470936488 d_burke_adam left e
J3 013370863480186106 d_burke_adam left y
J3 013370863480295512 d_burke_adam left space
J3 013370863480825688 d_burke_adam left w
J3 013370863490200255 d_burke_adam left a
J3 013370863490730488 d_burke_adam left k
J3 013370863500089267 d_burke_adam left e
J3 013370863500416888 d_burke_adam left y
J3 013370863500760164 d_burke_adam left period
J3 013370863510009688 d_burke_adam left space
J3 013370863510103439 d_burke_adam left W
J3 013370863510212446 d_burke_adam left h
J3 013370863510633688 d_burke_adam left a
J3 013370863510852105 d_burke_adam left t
J3 013370863520195288 d_burke_adam left space
J3 013370863520288896 d_burke_adam left a
J3 013370863520663272 d_burke_adam left r
J3 013370863530006488 d_burke_adam left e
J3 013370863530334057 d_burke_adam left space
J3 013370863530599288 d_burke_adam left y
J3 013370863530942589 d_burke_adam left o
J3 013370863540036038 d_burke_adam left u
J3 013370863540160888 d_burke_adam left space
J3 013370863540660143 d_burke_adam left w
J3 013370863550174888 d_burke_adam left a
J3 013370863550330836 d_burke_adam left i
J3 013370863550611647 d_burke_adam left t
J3 013370863550720888 d_burke_adam left i
J3 013370863560204533 d_burke_adam left n
J3 013370863560750488 d_burke_adam left g
J3 013370863570280888 d_burke_adam left space
J3 013370863570390079 d_burke_adam left f
J3 013370863570951688 d_burke_adam left o
J3 013370863580263621 d_burke_adam left r
J3 013370863580716088 d_burke_adam left question
J3 013370863580887732 d_burke_adam left Return
J3 013370863880356088 d_burke_adam left W
J3 013370863880512088 d_burke_adam left h
J3 013370863890042488 d_burke_adam left y
J3 013370863890463729 d_burke_adam left space
J3 013370863890557288 d_burke_adam left h
J3 013370863890744461 d_burke_adam left s
J3 013370863900664888 d_burke_adam left BackSpace
J3 013370863900727269 d_burke_adam left a
J3 013370863910023745 d_burke_adam left v
J3 013370863910507288 d_burke_adam left e
J3 013370863910881732 d_burke_adam left space
J3 013370863920100088 d_burke_adam left y
J3 013370863920521396 d_burke_adam left o
J3 013370863920786488 d_burke_adam left u
J3 013370863920864571 d_burke_adam left space
J3 013370863930426088 d_burke_adam left s
J3 013370863930644623 d_burke_adam left t
J3 013370863930769351 d_burke_adam left o
J3 013370863930987688 d_burke_adam left p
J3 013370863940237302 d_burke_adam left p
J3 013370863940408920 d_burke_adam left e
J3 013370863940611688 d_burke_adam left d
J3 013370863950126488 d_burke_adam left space
J3 013370863950610083 d_burke_adam left t
J3 013370863960109288 d_burke_adam left y
J3 013370863960249751 d_burke_adam left p
J3 013370863960670888 d_burke_adam left i
J3 013370864010413288 d_burke_adam left n
J3 013370864010413900 d_burke_adam left g
J3 013370864010414454 d_burke_adam left question
J3 013370864010414968 d_burke_adam left Return
