Loebner Prize 2012 15 May  Bletchley Park UK
These transcripts are in the public domain
Transcripts of judge 3 program m_allan_linguo round 1
Left =human 
J3 013370740830274430 judge left T
J3 013370740830596800 judge left h
J3 013370740830716752 judge left i
J3 013370740830764607 judge left s
J3 013370740830980755 judge left space
J3 013370740840454800 judge left d
J3 013370740840742739 judge left BackSpace
J3 013370740840854724 judge left s
J3 013370740840950758 judge left h
J3 013370740850094400 judge left o
J3 013370740850174405 judge left u
J3 013370740850246473 judge left d
J3 013370740850310320 judge left l
J3 013370740850518478 judge left space
J3 013370740850765200 judge left BackSpace
J3 013370740850893144 judge left BackSpace
J3 013370740860005414 judge left BackSpace
J3 013370740860149359 judge left l
J3 013370740860245434 judge left d
J3 013370740860358000 judge left space
J3 013370740860477977 judge left b
J3 013370740860573933 judge left e
J3 013370740860653842 judge left space
J3 013370740860919600 judge left e
J3 013370740870079609 judge left a
J3 013370740870407852 judge left BackSpace
J3 013370740870543600 judge left BackSpace
J3 013370740870719376 judge left E
J3 013370740870943631 judge left a
J3 013370740880549415 judge left s
J3 013370740880584946 m_allan_linguo left H
J3 013370740880677611 judge left t
J3 013370740880725560 judge left space
J3 013370740880872732 m_allan_linguo left e
J3 013370740890150400 m_allan_linguo left l
J3 013370740890318407 m_allan_linguo left l
J3 013370740890499067 judge left 2
J3 013370740890510457 m_allan_linguo left o
J3 013370740890914800 m_allan_linguo left period
J3 013370740890951311 judge left BackSpace
J3 013370740900087353 judge left 3
J3 013370740900882000 judge left period
J3 013370740910001950 judge left period
J3 013370740910105973 judge left period
J3 013370740910428000 m_allan_linguo left space
J3 013370740910611825 m_allan_linguo left I
J3 013370740910795794 m_allan_linguo left t
J3 013370740910891870 m_allan_linguo left space
J3 013370740920067600 m_allan_linguo left i
J3 013370740920132077 m_allan_linguo left s
J3 013370740920371530 m_allan_linguo left period
J3 013370740930814800 m_allan_linguo left space
J3 013370740940134524 m_allan_linguo left O
J3 013370740940360800 m_allan_linguo left r
J3 013370740940496890 m_allan_linguo left space
J3 013370740950078400 m_allan_linguo left p
J3 013370740950502423 m_allan_linguo left 3
J3 013370740970590000 m_allan_linguo left BackSpace
J3 013370740970741821 m_allan_linguo left BackSpace
J3 013370740980120400 m_allan_linguo left P
J3 013370740980400511 m_allan_linguo left 3
J3 013370741000166282 judge left O
J3 013370741000289970 m_allan_linguo left Return
J3 013370741000438335 judge left h
J3 013370741000510266 judge left space
J3 013370741000647600 judge left y
J3 013370741000719857 judge left e
J3 013370741000879597 judge left a
J3 013370741010786400 judge left h
J3 013370741020122472 judge left comma
J3 013370741020178371 judge left space
J3 013370741020644400 judge left s
J3 013370741020716430 judge left o
J3 013370741020860160 judge left r
J3 013370741020996194 judge left r
J3 013370741030068187 judge left y
J3 013370741030408800 judge left space
J3 013370741030568815 judge left I
J3 013370741030680832 judge left space
J3 013370741040220000 judge left f
J3 013370741040364299 judge left o
J3 013370741040395974 judge left r
J3 013370741040619996 judge left g
J3 013370741040859600 judge left t
J3 013370741040899478 judge left o
J3 013370741050219709 judge left BackSpace
J3 013370741050347590 judge left BackSpace
J3 013370741050421200 judge left o
J3 013370741050493150 judge left t
J3 013370741050685255 judge left period
J3 013370741050781618 judge left period
J3 013370741050936000 judge left period
J3 013370741060482000 judge left space
J3 013370741060881621 judge left colon
J3 013370741070043600 judge left minus
J3 013370741070235352 judge left parenright
J3 013370741090472135 judge right H
J3 013370741090647511 judge right e
J3 013370741090759617 judge right l
J3 013370741090863816 judge right l
J3 013370741100023200 judge right o
J3 013370741100143621 judge right space
J3 013370741100616000 judge right c
J3 013370741100623918 judge right v
J3 013370741100727966 judge right h
J3 013370741110520800 judge right BackSpace
J3 013370741110632899 judge right BackSpace
J3 013370741120176000 judge right h
J3 013370741120987200 judge right a
J3 013370741130059224 judge right t
J3 013370741130235375 judge right v
J3 013370741130548800 judge right o
J3 013370741130892000 judge right BackSpace
J3 013370741140012003 judge right BackSpace
J3 013370741140531600 judge right b
J3 013370741140643577 judge right o
J3 013370741140771484 judge right t
J3 013370741140875344 judge right space
J3 013370741150062000 judge right w
J3 013370741150213783 judge right h
J3 013370741150269746 judge right a
J3 013370741150389704 judge right t
J3 013370741150469718 judge right space
J3 013370741150639200 judge right s
J3 013370741150727181 judge right i
J3 013370741150927164 judge right space
J3 013370741160087098 judge right BackSpace
J3 013370741160232000 judge right BackSpace
J3 013370741160344089 judge right BackSpace
J3 013370741160448059 judge right i
J3 013370741160456004 judge right o
J3 013370741160520129 judge right s
J3 013370741160856000 judge right BackSpace
J3 013370741160975774 judge right BackSpace
J3 013370741170351869 judge right BackSpace
J3 013370741170870000 judge right BackSpace
J3 013370741170917092 judge right BackSpace
J3 013370741170963825 judge right BackSpace
J3 013370741180010768 judge right BackSpace
J3 013370741180057374 judge right BackSpace
J3 013370741180104209 judge right BackSpace
J3 013370741180150825 judge right BackSpace
J3 013370741180197803 judge right BackSpace
J3 013370741180244790 judge right BackSpace
J3 013370741180291412 judge right BackSpace
J3 013370741180338531 judge right BackSpace
J3 013370741180384800 judge right BackSpace
J3 013370741180431720 judge right BackSpace
J3 013370741180478332 judge right BackSpace
J3 013370741190086800 judge right BackSpace
J3 013370741190270716 judge right comma
J3 013370741190351142 judge right space
J3 013370741190664000 judge right BackSpace
J3 013370741190792307 judge right BackSpace
J3 013370741190815855 judge right o
J3 013370741200151798 judge right comma
J3 013370741200225600 judge right space
J3 013370741200609837 judge right w
J3 013370741200834000 judge right h
J3 013370741210282499 judge right t
J3 013370741210598400 judge right BackSpace
J3 013370741210782541 judge right a
J3 013370741210958036 judge right t
J3 013370741220093568 judge right space
J3 013370741220160000 judge right i
J3 013370741220287538 judge right s
J3 013370741220408789 judge right space
J3 013370741220615755 judge right y
J3 013370741220768400 judge right o
J3 013370741220839903 judge right u
J3 013370741220969095 judge right space
J3 013370741230283200 judge right e
J3 013370741230579570 judge right BackSpace
J3 013370741230716131 judge right BackSpace
J3 013370741230844800 judge right r
J3 013370741230925530 judge right space
J3 013370741240077416 judge right n
J3 013370741240188902 judge right a
J3 013370741240316230 judge right m
J3 013370741240406400 judge right e
J3 013370741250170800 judge right question
J3 013370741250442133 judge right Return
J3 013370741270479600 judge right Return
J3 013370741280072400 m_allan_linguo right H
J3 013370741280134530 m_allan_linguo right o
J3 013370741280352805 m_allan_linguo right w
J3 013370741280493234 m_allan_linguo right d
J3 013370741280618400 m_allan_linguo right y
J3 013370741280743424 m_allan_linguo right period
J3 013370741280914940 m_allan_linguo right space
J3 013370741290102062 m_allan_linguo right M
J3 013370741290133200 m_allan_linguo right y
J3 013370741290351419 m_allan_linguo right space
J3 013370741290507436 m_allan_linguo right n
J3 013370741290632270 m_allan_linguo right a
J3 013370741290710400 m_allan_linguo right m
J3 013370741290835298 m_allan_linguo right e
J3 013370741290975712 m_allan_linguo right space
J3 013370741300101047 m_allan_linguo right i
J3 013370741300318800 m_allan_linguo right s
J3 013370741300350236 m_allan_linguo right space
J3 013370741300490360 m_allan_linguo right D
J3 013370741300662081 m_allan_linguo right a
J3 013370741300833600 m_allan_linguo right v
J3 013370741300927266 m_allan_linguo right e
J3 013370741300943121 m_allan_linguo right period
J3 013370741350732000 m_allan_linguo right W
J3 013370741350903297 m_allan_linguo right h
J3 013370741360074842 m_allan_linguo right a
J3 013370741360262400 m_allan_linguo right t
J3 013370741360449637 m_allan_linguo right space
J3 013370741360480959 m_allan_linguo right i
J3 013370741360699353 m_allan_linguo right s
J3 013370741360792800 m_allan_linguo right space
J3 013370741360964463 m_allan_linguo right y
J3 013370741370042583 m_allan_linguo right o
J3 013370741370120556 m_allan_linguo right u
J3 013370741370338800 m_allan_linguo right r
J3 013370741370479207 m_allan_linguo right space
J3 013370741370650888 m_allan_linguo right n
J3 013370741370698216 m_allan_linguo right a
J3 013370741370822575 m_allan_linguo right m
J3 013370741370947200 m_allan_linguo right e
J3 013370741380118407 m_allan_linguo right question
J3 013370742690314800 judge left T
J3 013370742690450736 judge left h
J3 013370742690634668 judge left i
J3 013370742690762851 judge left s
J3 013370742690938800 judge left space
J3 013370742700640800 judge left s
J3 013370742700728913 judge left h
J3 013370742700880893 judge left o
J3 013370742700936778 judge left u
J3 013370742710155600 judge left l
J3 013370742710299429 judge left d
J3 013370742710451469 judge left space
J3 013370742710627424 judge left b
J3 013370742710795200 judge left e
J3 013370742710947137 judge left space
J3 013370742730838800 judge left h
J3 013370742730902741 judge left u
J3 013370742740118784 judge left m
J3 013370742740230760 judge left a
J3 013370742740353600 judge left n
J3 013370742740505541 judge left space
J3 013370742750274000 judge left 3
J3 013370742750417896 judge left space
J3 013370742750913600 judge left i
J3 013370742750993453 judge left n
J3 013370742760057328 judge left space
J3 013370742760282088 judge left r
J3 013370742760385479 judge left o
J3 013370742760401591 judge left u
J3 013370742760568800 judge left n
J3 013370742760633157 judge left d
J3 013370742760753222 judge left space
J3 013370742760936919 judge left 2
J3 013370754470436492 judge left T
J3 013370754470516338 judge left h
J3 013370754470596408 judge left i
J3 013370754470780365 judge left s
J3 013370754470894800 judge left space
J3 013370754480022742 judge left i
J3 013370754480094706 judge left s
J3 013370754480206676 judge left space
J3 013370754480940000 judge left j
J3 013370754490036200 judge left u
J3 013370754490171818 judge left d
J3 013370754490316000 judge left g
J3 013370754490387853 judge left e
J3 013370754510280000 judge left 3
J3 013370754510368025 judge left Return
J3 013370754540606343 judge right H
J3 013370754540838191 judge right e
J3 013370754540942360 judge right l
J3 013370754550086400 judge right l
J3 013370754550254370 judge right o
J3 013370754560022400 judge right BackSpace
J3 013370754560552800 judge right p
J3 013370754570040800 judge right BackSpace
J3 013370754570223600 judge right o
J3 013370754570335628 judge right space
J3 013370754570769600 judge right w
J3 013370754570905783 judge right h
J3 013370754580705600 judge right BackSpace
J3 013370754580833461 judge right BackSpace
J3 013370754590220400 judge right d
J3 013370754590332301 judge right o
J3 013370754590412200 judge right space
J3 013370754590556267 judge right y
J3 013370754590719600 judge right o
J3 013370754590775692 judge right u
J3 013370754590871802 judge right space
J3 013370754590967677 judge right h
J3 013370754600071861 judge right a
J3 013370754600151538 judge right v
J3 013370754600250000 judge right e
J3 013370754600417995 judge right a
J3 013370754600465797 judge right space
J3 013370754610466800 judge right n
J3 013370754610898357 judge right a
J3 013370754620075200 judge right m
J3 013370754620171819 judge right e
J3 013370754620347886 judge right slash
J3 013370754620531685 judge right Return
J3 013370771460469600 m_allan_linguo right W
J3 013370771460594400 m_allan_linguo right h
J3 013370771460656888 m_allan_linguo right e
J3 013370771460781659 m_allan_linguo right r
J3 013370771460906487 m_allan_linguo right e
J3 013370771470078048 m_allan_linguo right space
J3 013370771470249600 m_allan_linguo right a
J3 013370771470389784 m_allan_linguo right r
J3 013370771470467839 m_allan_linguo right e
J3 013370771470639423 m_allan_linguo right space
J3 013370771470732992 m_allan_linguo right y
J3 013370771470858000 m_allan_linguo right o
J3 013370771470982819 m_allan_linguo right u
J3 013370771480107732 m_allan_linguo right space
J3 013370771480185707 m_allan_linguo right f
J3 013370771480310495 m_allan_linguo right r
J3 013370771480435200 m_allan_linguo right o
J3 013370771480622439 m_allan_linguo right m
J3 013370771480637946 m_allan_linguo right question
J3 013370771530489600 m_allan_linguo left space
J3 013370783350501600 m_allan_linguo left space
J3 013370825500356400 judge right space
J3 013370825500524244 judge right space
