Loebner Prize 2012 15 May  Bletchley Park UK
These transcripts are in the public domain
Transcripts of judge  program b-wilcox-angela round 
Left =human 
J 013370152380273400 b-wilcox-angela left c
J 013370152380274459 b-wilcox-angela left a
J 013370152380275283 b-wilcox-angela left n
J 013370152380276614 b-wilcox-angela left space
J 013370152380277464 b-wilcox-angela left y
J 013370152380278380 b-wilcox-angela left o
J 013370152380279189 b-wilcox-angela left u
J 013370152380279987 b-wilcox-angela left space
J 013370152380280786 b-wilcox-angela left s
J 013370152380281593 b-wilcox-angela left e
J 013370152380282407 b-wilcox-angela left e
J 013370152380283215 b-wilcox-angela left space
J 013370152380284018 b-wilcox-angela left t
J 013370152380284813 b-wilcox-angela left h
J 013370152380285627 b-wilcox-angela left i
J 013370152380286582 b-wilcox-angela left s
J 013370152380287403 b-wilcox-angela left space
J 013370152380288669 b-wilcox-angela left BackSpace
J 013370152380289702 b-wilcox-angela left space
J 013370152380290626 b-wilcox-angela left space
J 013370152380291462 b-wilcox-angela left space
J 013370152380292326 b-wilcox-angela left space
J 013370152380293137 b-wilcox-angela left space
J 013370152410760400 judge left y
J 013370152410840149 judge left e
J 013370152420008204 judge left s
J 013370152420072325 judge left space
J 013370152430470879 judge left I
J 013370152430550880 judge left space
J 013370152430735039 judge left c
J 013370152430774783 judge left a
J 013370152430878853 judge left n
J 013370152430928800 judge left space
J 013370152440352896 judge left Return
J 013370152700792000 judge left W
J 013370152710040080 judge left e
J 013370152710175935 judge left l
J 013370152710322400 judge left l
J 013370152710410567 judge left space
J 013370152710570506 judge left I
J 013370152710650570 judge left space
J 013370152710746341 judge left c
J 013370152710802633 judge left a
J 013370152710868400 judge left n
J 013370152710908554 judge left space
J 013370152720228480 judge left s
J 013370152720398800 judge left e
J 013370152720542746 judge left e
J 013370152720678526 judge left space
J 013370152720830518 judge left s
J 013370152720913600 judge left o
J 013370152720953425 judge left m
J 013370152730033693 judge left e
J 013370152730113884 judge left space
J 013370152730756000 judge left t
J 013370152730788097 judge left e
J 013370152730971801 judge left x
J 013370152740067980 judge left t
J 013370152740108228 judge left space
J 013370152740582800 judge left minus
J 013370152740654954 judge left space
J 013370152740895181 judge left n
J 013370152740958993 judge left o
J 013370152750070800 judge left space
J 013370152750284800 judge left s
J 013370152750428750 judge left p
J 013370152750492884 judge left e
J 013370152750652766 judge left c
J 013370152750716736 judge left i
J 013370152750815200 judge left a
J 013370152750911073 judge left l
J 013370152750975032 judge left space
J 013370152760314400 judge left c
J 013370152760490335 judge left h
J 013370152760570470 judge left a
J 013370152760738388 judge left r
J 013370152760922800 judge left a
J 013370152770082890 judge left c
J 013370152770306962 judge left e
J 013370152770422000 judge left t
J 013370152770566047 judge left e
J 013370152770646022 judge left r
J 013370152770806016 judge left BackSpace
J 013370152770952400 judge left BackSpace
J 013370152780200367 judge left BackSpace
J 013370152780232450 judge left t
J 013370152780392389 judge left BackSpace
J 013370152780498400 judge left BackSpace
J 013370152780634197 judge left t
J 013370152790153600 judge left e
J 013370152790194052 judge left r
J 013370152790361987 judge left s
J 013370152790457936 judge left Return
J 013370152990943372 judge left A
J 013370153000287297 judge left r
J 013370153000319305 judge left e
J 013370153000541200 judge left space
J 013370153010028963 judge left y
J 013370153010180800 judge left o
J 013370153010243200 judge left u
J 013370153010315346 judge left space
J 013370153010418934 judge left t
J 013370153010490694 judge left h
J 013370153010562655 judge left e
J 013370153010635518 judge left r
J 013370153010706910 judge left e
J 013370153020187209 judge left question
J 013370153020371984 judge left Return
J 013370153380433600 b-wilcox-angela left s
J 013370153380745600 b-wilcox-angela left o
J 013370153390009414 b-wilcox-angela left r
J 013370153390145544 b-wilcox-angela left r
J 013370153390385200 b-wilcox-angela left y
J 013370153400009200 b-wilcox-angela left comma
J 013370153400200935 b-wilcox-angela left space
J 013370153400352900 b-wilcox-angela left d
J 013370153400464898 b-wilcox-angela left a
J 013370153400680000 b-wilcox-angela left y
J 013370153400911840 b-wilcox-angela left space
J 013370153410127878 b-wilcox-angela left d
J 013370153410319600 b-wilcox-angela left r
J 013370153410407587 b-wilcox-angela left e
J 013370153410575445 b-wilcox-angela left a
J 013370153410928000 b-wilcox-angela left m
J 013370153420215995 b-wilcox-angela left i
J 013370153420368063 b-wilcox-angela left n
J 013370153420458400 b-wilcox-angela left g
J 013370153430332000 b-wilcox-angela left Return
J 013370153430460068 b-wilcox-angela left Return
J 013370153440408400 b-wilcox-angela left t
J 013370153460015200 b-wilcox-angela left h
J 013370153460670400 b-wilcox-angela left e
J 013370153460782254 b-wilcox-angela left r
J 013370153460926281 b-wilcox-angela left e
J 013370153470118449 b-wilcox-angela left space
J 013370153470294400 b-wilcox-angela left w
J 013370153470406526 b-wilcox-angela left e
J 013370153470462364 b-wilcox-angela left r
J 013370153470590357 b-wilcox-angela left e
J 013370153470980800 b-wilcox-angela left space
J 013370153480542400 b-wilcox-angela left 2
J 013370153490022393 b-wilcox-angela left space
J 013370153490915200 b-wilcox-angela left r
J 013370153500019285 b-wilcox-angela left e
J 013370153500211146 b-wilcox-angela left t
J 013370153500347199 b-wilcox-angela left u
J 013370153500461200 b-wilcox-angela left r
J 013370153500645037 b-wilcox-angela left n
J 013370153500924986 b-wilcox-angela left s
J 013370153510412800 b-wilcox-angela left period
J 013370153520224000 b-wilcox-angela left Return
J 013370153520879200 b-wilcox-angela left w
J 013370153530063060 b-wilcox-angela left Return
J 013370153530271096 b-wilcox-angela left w
J 013370153530394000 b-wilcox-angela left Return
J 013370153530537978 b-wilcox-angela left w
J 013370153530673985 b-wilcox-angela left Return
J 013370153530785991 b-wilcox-angela left w
J 013370153530924400 b-wilcox-angela left Return
J 013370153530996316 b-wilcox-angela left w
J 013370153560061600 judge left w
J 013370153560261697 judge left Return
J 013370153560349658 judge left w
J 013370153560501668 judge left Return
J 013370153560592000 judge left w
J 013370153560727703 judge left Return
J 013370153560815717 judge left w
J 013370153560967870 judge left Return
J 013370153570730800 b-wilcox-angela left BackSpace
J 013370153580858724 judge left Y
J 013370153580986740 judge left e
J 013370153590212800 judge left p
J 013370153590216447 b-wilcox-angela left backslash
J 013370153590398266 b-wilcox-angela left backslash
J 013370153590558245 b-wilcox-angela left backslash
J 013370153590702202 b-wilcox-angela left backslash
J 013370153600148800 judge left period
J 013370153610069200 judge left space
J 013370153610229176 judge left space
J 013370153610452981 judge left backslash
J 013370153610599600 judge left backslash
J 013370153610855703 judge left backslash
J 013370153620270400 judge left backslash
J 013370153620454402 judge left Return
J 013370153680732526 judge left Y
J 013370153680876452 judge left e
J 013370153690004553 judge left p
J 013370153690228000 judge left period
J 013370153690540000 judge left Return
J 013370158160792000 b-wilcox-angela right H
J 013370158160838800 b-wilcox-angela right e
J 013370158160932258 b-wilcox-angela right l
J 013370158160979432 b-wilcox-angela right l
J 013370158170057135 b-wilcox-angela right o
J 013370158170103916 b-wilcox-angela right period
J 013370158170150831 b-wilcox-angela right Return
